# JRE version: OpenJDK Runtime Environment (21.0.5) (build 21.0.5+-12932927-b750.29)
# Java VM: OpenJDK 64-Bit Server VM (21.0.5+-12932927-b750.29, mixed mode, tiered, compressed oops, compressed class ptrs, g1 gc, windows-amd64)
GC Precious Log:
 CardTable entry size: 512
 Card Set container configuration: InlinePtr #cards 5 size 8 Array Of Cards #cards 12 size 40 Howl #buckets 4 coarsen threshold 1843 Howl Bitmap #cards 512 size 80 coarsen threshold 460 Card regions per heap region 1 cards per card region 2048
 CPUs: 4 total, 4 available
 Memory: 16298M
 Large Page Support: Disabled
 NUMA Support: Disabled
 Compressed Oops: Enabled (32-bit)
 Heap Region Size: 1M
 Heap Min Capacity: 8M
 Heap Initial Capacity: 256M
 Heap Max Capacity: 2G
 Pre-touch: Disabled
 Parallel Workers: 4
 Concurrent Workers: 1
 Concurrent Refinement Workers: 4
 Periodic GC: Disabled
Heap:
 garbage-first heap   total 337920K, used 188875K [0x0000000080000000, 0x0000000100000000)
  region size 1024K, 2 young (2048K), 2 survivors (2048K)
 Metaspace       used 58836K, committed 60352K, reserved 1114112K
  class space    used 7896K, committed 8640K, reserved 1048576K
GC Heap History (20 events):
Event: 19.054 GC heap after
{Heap after GC invocations=28 (full 0):
 garbage-first heap   total 232448K, used 120320K [0x0000000080000000, 0x0000000100000000)
  region size 1024K, 13 young (13312K), 13 survivors (13312K)
 Metaspace       used 56963K, committed 58432K, reserved 1114112K
  class space    used 7747K, committed 8448K, reserved 1048576K
}
Event: 19.143 GC heap before
{Heap before GC invocations=28 (full 0):
 garbage-first heap   total 232448K, used 141824K [0x0000000080000000, 0x0000000100000000)
  region size 1024K, 35 young (35840K), 13 survivors (13312K)
 Metaspace       used 56970K, committed 58432K, reserved 1114112K
  class space    used 7747K, committed 8448K, reserved 1048576K
}
Event: 19.163 GC heap after
{Heap after GC invocations=29 (full 0):
 garbage-first heap   total 232448K, used 131840K [0x0000000080000000, 0x0000000100000000)
  region size 1024K, 11 young (11264K), 11 survivors (11264K)
 Metaspace       used 56970K, committed 58432K, reserved 1114112K
  class space    used 7747K, committed 8448K, reserved 1048576K
}
Event: 19.881 GC heap before
{Heap before GC invocations=30 (full 0):
 garbage-first heap   total 232448K, used 170752K [0x0000000080000000, 0x0000000100000000)
  region size 1024K, 63 young (64512K), 11 survivors (11264K)
 Metaspace       used 58135K, committed 59584K, reserved 1114112K
  class space    used 7885K, committed 8576K, reserved 1048576K
}
Event: 19.901 GC heap after
{Heap after GC invocations=31 (full 0):
 garbage-first heap   total 232448K, used 130560K [0x0000000080000000, 0x0000000100000000)
  region size 1024K, 8 young (8192K), 8 survivors (8192K)
 Metaspace       used 58135K, committed 59584K, reserved 1114112K
  class space    used 7885K, committed 8576K, reserved 1048576K
}
Event: 20.380 GC heap before
{Heap before GC invocations=31 (full 0):
 garbage-first heap   total 232448K, used 186880K [0x0000000080000000, 0x0000000100000000)
  region size 1024K, 62 young (63488K), 8 survivors (8192K)
 Metaspace       used 58472K, committed 59968K, reserved 1114112K
  class space    used 7885K, committed 8576K, reserved 1048576K
}
Event: 20.404 GC heap after
{Heap after GC invocations=32 (full 0):
 garbage-first heap   total 232448K, used 152576K [0x0000000080000000, 0x0000000100000000)
  region size 1024K, 8 young (8192K), 8 survivors (8192K)
 Metaspace       used 58472K, committed 59968K, reserved 1114112K
  class space    used 7885K, committed 8576K, reserved 1048576K
}
Event: 20.647 GC heap before
{Heap before GC invocations=32 (full 0):
 garbage-first heap   total 232448K, used 192512K [0x0000000080000000, 0x0000000100000000)
  region size 1024K, 48 young (49152K), 8 survivors (8192K)
 Metaspace       used 58538K, committed 60096K, reserved 1114112K
  class space    used 7887K, committed 8640K, reserved 1048576K
}
Event: 20.661 GC heap after
{Heap after GC invocations=33 (full 0):
 garbage-first heap   total 337920K, used 160768K [0x0000000080000000, 0x0000000100000000)
  region size 1024K, 6 young (6144K), 6 survivors (6144K)
 Metaspace       used 58538K, committed 60096K, reserved 1114112K
  class space    used 7887K, committed 8640K, reserved 1048576K
}
Event: 21.391 GC heap before
{Heap before GC invocations=34 (full 0):
 garbage-first heap   total 337920K, used 250880K [0x0000000080000000, 0x0000000100000000)
  region size 1024K, 95 young (97280K), 6 survivors (6144K)
 Metaspace       used 58632K, committed 60160K, reserved 1114112K
  class space    used 7888K, committed 8640K, reserved 1048576K
}
Event: 21.414 GC heap after
{Heap after GC invocations=35 (full 0):
 garbage-first heap   total 337920K, used 180736K [0x0000000080000000, 0x0000000100000000)
  region size 1024K, 12 young (12288K), 12 survivors (12288K)
 Metaspace       used 58632K, committed 60160K, reserved 1114112K
  class space    used 7888K, committed 8640K, reserved 1048576K
}
Event: 21.829 GC heap before
{Heap before GC invocations=35 (full 0):
 garbage-first heap   total 337920K, used 265728K [0x0000000080000000, 0x0000000100000000)
  region size 1024K, 93 young (95232K), 12 survivors (12288K)
 Metaspace       used 58709K, committed 60224K, reserved 1114112K
  class space    used 7892K, committed 8640K, reserved 1048576K
}
Event: 21.872 GC heap after
{Heap after GC invocations=36 (full 0):
 garbage-first heap   total 337920K, used 190976K [0x0000000080000000, 0x0000000100000000)
  region size 1024K, 12 young (12288K), 12 survivors (12288K)
 Metaspace       used 58709K, committed 60224K, reserved 1114112K
  class space    used 7892K, committed 8640K, reserved 1048576K
}
Event: 21.879 GC heap before
{Heap before GC invocations=36 (full 0):
 garbage-first heap   total 337920K, used 194048K [0x0000000080000000, 0x0000000100000000)
  region size 1024K, 16 young (16384K), 12 survivors (12288K)
 Metaspace       used 58709K, committed 60224K, reserved 1114112K
  class space    used 7892K, committed 8640K, reserved 1048576K
}
Event: 21.896 GC heap after
{Heap after GC invocations=37 (full 0):
 garbage-first heap   total 337920K, used 194304K [0x0000000080000000, 0x0000000100000000)
  region size 1024K, 3 young (3072K), 3 survivors (3072K)
 Metaspace       used 58709K, committed 60224K, reserved 1114112K
  class space    used 7892K, committed 8640K, reserved 1048576K
}
Event: 22.291 GC heap before
{Heap before GC invocations=38 (full 0):
 garbage-first heap   total 337920K, used 271104K [0x0000000080000000, 0x0000000100000000)
  region size 1024K, 74 young (75776K), 3 survivors (3072K)
 Metaspace       used 58714K, committed 60224K, reserved 1114112K
  class space    used 7892K, committed 8640K, reserved 1048576K
}
Event: 22.300 GC heap after
{Heap after GC invocations=39 (full 0):
 garbage-first heap   total 337920K, used 208361K [0x0000000080000000, 0x0000000100000000)
  region size 1024K, 10 young (10240K), 10 survivors (10240K)
 Metaspace       used 58714K, committed 60224K, reserved 1114112K
  class space    used 7892K, committed 8640K, reserved 1048576K
}
Event: 22.565 GC heap before
{Heap before GC invocations=39 (full 0):
 garbage-first heap   total 337920K, used 276969K [0x0000000080000000, 0x0000000100000000)
  region size 1024K, 77 young (78848K), 10 survivors (10240K)
 Metaspace       used 58805K, committed 60352K, reserved 1114112K
  class space    used 7896K, committed 8640K, reserved 1048576K
}
Event: 22.585 GC heap after
{Heap after GC invocations=40 (full 0):
 garbage-first heap   total 337920K, used 188875K [0x0000000080000000, 0x0000000100000000)
  region size 1024K, 2 young (2048K), 2 survivors (2048K)
 Metaspace       used 58805K, committed 60352K, reserved 1114112K
  class space    used 7896K, committed 8640K, reserved 1048576K
}
Event: 22.912 GC heap before
{Heap before GC invocations=40 (full 0):
 garbage-first heap   total 337920K, used 274891K [0x0000000080000000, 0x0000000100000000)
  region size 1024K, 86 young (88064K), 2 survivors (2048K)
 Metaspace       used 58836K, committed 60352K, reserved 1114112K
  class space    used 7896K, committed 8640K, reserved 1048576K
}

